<?xml version="1.0" encoding="UTF-8"?>
<testng-results skipped="0" failed="0" total="1" passed="1">
  <reporter-output>
  </reporter-output>
  <suite name="Suite" duration-ms="58181" started-at="2020-06-02T03:07:43Z" finished-at="2020-06-02T03:08:41Z">
    <groups>
    </groups>
    <test name="Navigate to Academy Home Page" duration-ms="58181" started-at="2020-06-02T03:07:43Z" finished-at="2020-06-02T03:08:41Z">
      <class name="AcademyTestCases.Home">
        <test-method status="PASS" signature="setUp()[pri:0, instance:AcademyTestCases.Home@5ab9e72c]" name="setUp" is-config="true" duration-ms="40964" started-at="2020-06-02T08:37:43Z" finished-at="2020-06-02T08:38:24Z">
          <reporter-output>
          </reporter-output>
        </test-method> <!-- setUp -->
        <test-method status="PASS" signature="basePageNavigation()[pri:0, instance:AcademyTestCases.Home@5ab9e72c]" name="basePageNavigation" duration-ms="11805" started-at="2020-06-02T08:38:24Z" finished-at="2020-06-02T08:38:36Z">
          <reporter-output>
          </reporter-output>
        </test-method> <!-- basePageNavigation -->
        <test-method status="PASS" signature="tearDown()[pri:0, instance:AcademyTestCases.Home@5ab9e72c]" name="tearDown" is-config="true" duration-ms="1124" started-at="2020-06-02T08:38:40Z" finished-at="2020-06-02T08:38:41Z">
          <reporter-output>
          </reporter-output>
        </test-method> <!-- tearDown -->
      </class> <!-- AcademyTestCases.Home -->
    </test> <!-- Navigate to Academy Home Page -->
  </suite> <!-- Suite -->
</testng-results>
